2025-04-23 21:12:22.260 [main] INFO  com.fpx.pay.PayApplication - Starting PayApplication using Java 1.8.0_112 on AKARAM with PID 31548 (D:\fpx-pay\target\classes started by akara in D:\fpx-pay)
2025-04-23 21:12:22.267 [main] DEBUG com.fpx.pay.PayApplication - Running with Spring Boot v2.7.18, Spring v5.3.31
2025-04-23 21:12:22.267 [main] INFO  com.fpx.pay.PayApplication - No active profile set, falling back to 1 default profile: "default"
2025-04-23 21:12:24.845 [main] INFO  o.s.d.r.c.RepositoryConfigurationDelegate - Bootstrapping Spring Data JPA repositories in DEFAULT mode.
2025-04-23 21:12:24.980 [main] INFO  o.s.d.r.c.RepositoryConfigurationDelegate - Finished Spring Data repository scanning in 119 ms. Found 1 JPA repository interfaces.
2025-04-23 21:12:27.002 [main] INFO  o.s.b.w.e.tomcat.TomcatWebServer - Tomcat initialized with port(s): 8080 (http)
2025-04-23 21:12:27.029 [main] INFO  o.a.catalina.core.StandardService - Starting service [Tomcat]
2025-04-23 21:12:27.029 [main] INFO  o.a.catalina.core.StandardEngine - Starting Servlet engine: [Apache Tomcat/9.0.83]
2025-04-23 21:12:27.459 [main] INFO  o.a.c.c.C.[.[localhost].[/pfxp] - Initializing Spring embedded WebApplicationContext
2025-04-23 21:12:27.459 [main] INFO  o.s.b.w.s.c.ServletWebServerApplicationContext - Root WebApplicationContext: initialization completed in 5103 ms
2025-04-23 21:12:27.497 [main] INFO  com.zaxxer.hikari.HikariDataSource - HikariPool-1 - Starting...
2025-04-23 21:12:28.211 [main] INFO  com.zaxxer.hikari.HikariDataSource - HikariPool-1 - Start completed.
2025-04-23 21:12:28.231 [main] INFO  o.s.b.a.h.H2ConsoleAutoConfiguration - H2 console available at '/h2-console'. Database available at 'jdbc:h2:file:./data/fpxdb'
2025-04-23 21:12:28.610 [main] INFO  o.h.jpa.internal.util.LogHelper - HHH000204: Processing PersistenceUnitInfo [name: default]
2025-04-23 21:12:28.785 [main] INFO  org.hibernate.Version - HHH000412: Hibernate ORM core version 5.6.15.Final
2025-04-23 21:12:29.288 [main] INFO  o.h.annotations.common.Version - HCANN000001: Hibernate Commons Annotations {5.1.2.Final}
2025-04-23 21:12:29.543 [main] INFO  org.hibernate.dialect.Dialect - HHH000400: Using dialect: org.hibernate.dialect.H2Dialect
2025-04-23 21:12:30.996 [main] INFO  o.h.e.t.j.p.i.JtaPlatformInitiator - HHH000490: Using JtaPlatform implementation: [org.hibernate.engine.transaction.jta.platform.internal.NoJtaPlatform]
2025-04-23 21:12:31.016 [main] INFO  o.s.o.j.LocalContainerEntityManagerFactoryBean - Initialized JPA EntityManagerFactory for persistence unit 'default'
2025-04-23 21:12:33.364 [main] INFO  o.s.s.web.DefaultSecurityFilterChain - Will secure any request with [org.springframework.security.web.session.DisableEncodeUrlFilter@69bc4024, org.springframework.security.web.context.request.async.WebAsyncManagerIntegrationFilter@3578a45b, org.springframework.security.web.context.SecurityContextPersistenceFilter@3e6acec2, org.springframework.security.web.header.HeaderWriterFilter@5d58dc61, org.springframework.security.web.authentication.logout.LogoutFilter@6d31f14, org.springframework.security.web.authentication.www.BasicAuthenticationFilter@75d539b9, org.springframework.security.web.savedrequest.RequestCacheAwareFilter@1e8bccfb, org.springframework.security.web.servletapi.SecurityContextHolderAwareRequestFilter@1f1fbc9f, org.springframework.security.web.authentication.AnonymousAuthenticationFilter@24f177f5, org.springframework.security.web.session.SessionManagementFilter@846b47, org.springframework.security.web.access.ExceptionTranslationFilter@29519337, org.springframework.security.web.access.intercept.FilterSecurityInterceptor@3a80c534]
2025-04-23 21:12:33.463 [main] WARN  o.s.b.a.o.j.JpaBaseConfiguration$JpaWebConfiguration - spring.jpa.open-in-view is enabled by default. Therefore, database queries may be performed during view rendering. Explicitly configure spring.jpa.open-in-view to disable this warning
2025-04-23 21:12:34.336 [main] INFO  o.s.b.w.e.tomcat.TomcatWebServer - Tomcat started on port(s): 8080 (http) with context path '/pfxp'
2025-04-23 21:12:34.366 [main] INFO  com.fpx.pay.PayApplication - Started PayApplication in 13.156 seconds (JVM running for 14.021)
2025-04-23 21:13:35.143 [http-nio-8080-exec-2] INFO  o.a.c.c.C.[.[localhost].[/pfxp] - Initializing Spring DispatcherServlet 'dispatcherServlet'
2025-04-23 21:13:35.143 [http-nio-8080-exec-2] INFO  o.s.web.servlet.DispatcherServlet - Initializing Servlet 'dispatcherServlet'
2025-04-23 21:13:35.148 [http-nio-8080-exec-2] INFO  o.s.web.servlet.DispatcherServlet - Completed initialization in 5 ms
